app/build/intermediates/manifest_merge_blame_file/debug/processDebugMainManifest/manifest-merger-blame-debug-report.txt
1<?xml version="1.0" encoding="utf-8"?>
2<manifest xmlns:android="http://schemas.android.com/apk/res/android"
3    package="com.example.fitsnapviva"
4    android:versionCode="1"
5    android:versionName="1.0" >
6
7    <uses-sdk
8        android:minSdkVersion="24"
9        android:targetSdkVersion="35" />
10
11    <uses-permission android:name="android.permission.INTERNET" />
11-->src/main/AndroidManifest.xml:5:5-67
11-->src/main/AndroidManifest.xml:5:22-64
12    <uses-permission android:name="android.permission.ACCESS_NETWORK_STATE" />
12-->[com.google.firebase:firebase-auth:24.0.1] AndroidManifest.xml:26:5-79
12-->[com.google.firebase:firebase-auth:24.0.1] AndroidManifest.xml:26:22-76
13    <uses-permission android:name="android.permission.USE_BIOMETRIC" /> <!-- suppress DeprecatedClassUsageInspection -->
13-->[androidx.biometric:biometric:1.1.0] AndroidManifest.xml:24:5-72
13-->[androidx.biometric:biometric:1.1.0] AndroidManifest.xml:24:22-69
14    <uses-permission android:name="android.permission.USE_FINGERPRINT" />
14-->[androidx.biometric:biometric:1.1.0] AndroidManifest.xml:27:5-74
14-->[androidx.biometric:biometric:1.1.0] AndroidManifest.xml:27:22-71
15    <uses-permission android:name="android.permission.WAKE_LOCK" />
15-->[com.google.android.gms:play-services-measurement:23.0.0] AndroidManifest.xml:25:5-68
15-->[com.google.android.gms:play-services-measurement:23.0.0] AndroidManifest.xml:25:22-65
16    <uses-permission android:name="com.google.android.finsky.permission.BIND_GET_INSTALL_REFERRER_SERVICE" />
16-->[com.google.android.gms:play-services-measurement:23.0.0] AndroidManifest.xml:26:5-110
16-->[com.google.android.gms:play-services-measurement:23.0.0] AndroidManifest.xml:26:22-107
17    <uses-permission android:name="com.google.android.gms.permission.AD_ID" />
17-->[com.google.android.gms:play-services-measurement-impl:23.0.0] AndroidManifest.xml:27:5-79
17-->[com.google.android.gms:play-services-measurement-impl:23.0.0] AndroidManifest.xml:27:22-76
18    <uses-permission android:name="com.google.android.providers.gsf.permission.READ_GSERVICES" />
18-->[com.google.android.recaptcha:recaptcha:18.6.1] AndroidManifest.xml:9:5-98
18-->[com.google.android.recaptcha:recaptcha:18.6.1] AndroidManifest.xml:9:22-95
19    <uses-permission android:name="android.permission.ACCESS_ADSERVICES_ATTRIBUTION" />
19-->[com.google.android.gms:play-services-measurement-api:23.0.0] AndroidManifest.xml:26:5-88
19-->[com.google.android.gms:play-services-measurement-api:23.0.0] AndroidManifest.xml:26:22-85
20    <uses-permission android:name="android.permission.ACCESS_ADSERVICES_AD_ID" />
20-->[com.google.android.gms:play-services-measurement-api:23.0.0] AndroidManifest.xml:27:5-82
20-->[com.google.android.gms:play-services-measurement-api:23.0.0] AndroidManifest.xml:27:22-79
21
22    <permission
22-->[androidx.core:core:1.17.0] AndroidManifest.xml:22:5-24:47
23        android:name="com.example.fitsnapviva.DYNAMIC_RECEIVER_NOT_EXPORTED_PERMISSION"
23-->[androidx.core:core:1.17.0] AndroidManifest.xml:23:9-81
24        android:protectionLevel="signature" />
24-->[androidx.core:core:1.17.0] AndroidManifest.xml:24:9-44
25
26    <uses-permission android:name="com.example.fitsnapviva.DYNAMIC_RECEIVER_NOT_EXPORTED_PERMISSION" />
26-->[androidx.core:core:1.17.0] AndroidManifest.xml:26:5-97
26-->[androidx.core:core:1.17.0] AndroidManifest.xml:26:22-94
27
28    <application
28-->src/main/AndroidManifest.xml:7:5-60:19
29        android:allowBackup="true"
29-->src/main/AndroidManifest.xml:8:9-35
30        android:appComponentFactory="androidx.core.app.CoreComponentFactory"
30-->[androidx.core:core:1.17.0] AndroidManifest.xml:28:18-86
31        android:dataExtractionRules="@xml/data_extraction_rules"
31-->src/main/AndroidManifest.xml:9:9-65
32        android:debuggable="true"
33        android:extractNativeLibs="false"
34        android:fullBackupContent="@xml/backup_rules"
34-->src/main/AndroidManifest.xml:10:9-54
35        android:icon="@mipmap/ic_launcher"
35-->src/main/AndroidManifest.xml:11:9-43
36        android:label="@string/app_name"
36-->src/main/AndroidManifest.xml:12:9-41
37        android:roundIcon="@mipmap/ic_launcher_round"
37-->src/main/AndroidManifest.xml:13:9-54
38        android:supportsRtl="true"
38-->src/main/AndroidManifest.xml:14:9-35
39        android:testOnly="true"
40        android:theme="@style/Theme.Material3.Light" >
40-->src/main/AndroidManifest.xml:15:9-53
41        <activity
41-->src/main/AndroidManifest.xml:17:9-21:20
42            android:name="com.example.fitsnapviva.FirstTimeSetupActivity"
42-->src/main/AndroidManifest.xml:18:13-51
43            android:exported="true"
43-->src/main/AndroidManifest.xml:19:13-36
44            android:theme="@style/Theme.Material3.Light.NoActionBar" >
44-->src/main/AndroidManifest.xml:20:13-69
45        </activity>
46        <activity
46-->src/main/AndroidManifest.xml:22:9-27:20
47            android:name="com.example.fitsnapviva.WaterTrackerActivity"
47-->src/main/AndroidManifest.xml:23:13-49
48            android:exported="true"
48-->src/main/AndroidManifest.xml:24:13-36
49            android:theme="@style/Theme.AppCompat.Light.NoActionBar" >
49-->src/main/AndroidManifest.xml:25:13-69
50        </activity>
51        <activity
51-->src/main/AndroidManifest.xml:28:9-31:72
52            android:name="com.example.fitsnapviva.DishAnalysisActivity"
52-->src/main/AndroidManifest.xml:29:13-49
53            android:exported="true"
53-->src/main/AndroidManifest.xml:30:13-36
54            android:theme="@style/Theme.AppCompat.Light.NoActionBar" />
54-->src/main/AndroidManifest.xml:31:13-69
55        <activity
55-->src/main/AndroidManifest.xml:32:9-35:72
56            android:name="com.example.fitsnapviva.BMIHistoryActivity"
56-->src/main/AndroidManifest.xml:33:13-47
57            android:exported="true"
57-->src/main/AndroidManifest.xml:34:13-36
58            android:theme="@style/Theme.AppCompat.Light.NoActionBar" />
58-->src/main/AndroidManifest.xml:35:13-69
59        <activity
59-->src/main/AndroidManifest.xml:36:9-39:72
60            android:name="com.example.fitsnapviva.BMICalculatorActivity"
60-->src/main/AndroidManifest.xml:37:13-50
61            android:exported="true"
61-->src/main/AndroidManifest.xml:38:13-36
62            android:theme="@style/Theme.AppCompat.Light.NoActionBar" />
62-->src/main/AndroidManifest.xml:39:13-69
63        <activity
63-->src/main/AndroidManifest.xml:40:9-43:72
64            android:name="com.example.fitsnapviva.Register"
64-->src/main/AndroidManifest.xml:41:13-37
65            android:exported="false"
65-->src/main/AndroidManifest.xml:42:13-37
66            android:theme="@style/Theme.Material3.Light.NoActionBar" />
66-->src/main/AndroidManifest.xml:43:13-69
67        <activity
67-->src/main/AndroidManifest.xml:44:9-49:20
68            android:name="com.example.fitsnapviva.Login"
68-->src/main/AndroidManifest.xml:45:13-34
69            android:exported="true"
69-->src/main/AndroidManifest.xml:46:13-36
70            android:theme="@style/Theme.Material3.Light.NoActionBar" >
70-->src/main/AndroidManifest.xml:47:13-69
71        </activity>
72        <activity
72-->src/main/AndroidManifest.xml:50:9-59:20
73            android:name="com.example.fitsnapviva.MainActivity"
73-->src/main/AndroidManifest.xml:51:13-41
74            android:exported="true"
74-->src/main/AndroidManifest.xml:52:13-36
75            android:theme="@style/Theme.Material3.Light.NoActionBar" >
75-->src/main/AndroidManifest.xml:53:13-69
76            <intent-filter>
76-->src/main/AndroidManifest.xml:54:13-58:29
77                <action android:name="android.intent.action.MAIN" />
77-->src/main/AndroidManifest.xml:55:17-69
77-->src/main/AndroidManifest.xml:55:25-66
78
79                <category android:name="android.intent.category.LAUNCHER" />
79-->src/main/AndroidManifest.xml:57:17-77
79-->src/main/AndroidManifest.xml:57:27-74
80            </intent-filter>
81        </activity>
82        <activity
82-->[com.google.firebase:firebase-auth:24.0.1] AndroidManifest.xml:29:9-46:20
83            android:name="com.google.firebase.auth.internal.GenericIdpActivity"
83-->[com.google.firebase:firebase-auth:24.0.1] AndroidManifest.xml:30:13-80
84            android:excludeFromRecents="true"
84-->[com.google.firebase:firebase-auth:24.0.1] AndroidManifest.xml:31:13-46
85            android:exported="true"
85-->[com.google.firebase:firebase-auth:24.0.1] AndroidManifest.xml:32:13-36
86            android:launchMode="singleTask"
86-->[com.google.firebase:firebase-auth:24.0.1] AndroidManifest.xml:33:13-44
87            android:theme="@android:style/Theme.Translucent.NoTitleBar" >
87-->[com.google.firebase:firebase-auth:24.0.1] AndroidManifest.xml:34:13-72
88            <intent-filter>
88-->[com.google.firebase:firebase-auth:24.0.1] AndroidManifest.xml:35:13-45:29
89                <action android:name="android.intent.action.VIEW" />
89-->[com.google.firebase:firebase-auth:24.0.1] AndroidManifest.xml:36:17-69
89-->[com.google.firebase:firebase-auth:24.0.1] AndroidManifest.xml:36:25-66
90
91                <category android:name="android.intent.category.DEFAULT" />
91-->[com.google.firebase:firebase-auth:24.0.1] AndroidManifest.xml:38:17-76
91-->[com.google.firebase:firebase-auth:24.0.1] AndroidManifest.xml:38:27-73
92                <category android:name="android.intent.category.BROWSABLE" />
92-->[com.google.firebase:firebase-auth:24.0.1] AndroidManifest.xml:39:17-78
92-->[com.google.firebase:firebase-auth:24.0.1] AndroidManifest.xml:39:27-75
93
94                <data
94-->[com.google.firebase:firebase-auth:24.0.1] AndroidManifest.xml:41:17-44:51
95                    android:host="firebase.auth"
95-->[com.google.firebase:firebase-auth:24.0.1] AndroidManifest.xml:42:21-49
96                    android:path="/"
96-->[com.google.firebase:firebase-auth:24.0.1] AndroidManifest.xml:43:21-37
97                    android:scheme="genericidp" />
97-->[com.google.firebase:firebase-auth:24.0.1] AndroidManifest.xml:44:21-48
98            </intent-filter>
99        </activity>
100        <activity
100-->[com.google.firebase:firebase-auth:24.0.1] AndroidManifest.xml:47:9-64:20
101            android:name="com.google.firebase.auth.internal.RecaptchaActivity"
101-->[com.google.firebase:firebase-auth:24.0.1] AndroidManifest.xml:48:13-79
102            android:excludeFromRecents="true"
102-->[com.google.firebase:firebase-auth:24.0.1] AndroidManifest.xml:49:13-46
103            android:exported="true"
103-->[com.google.firebase:firebase-auth:24.0.1] AndroidManifest.xml:50:13-36
104            android:launchMode="singleTask"
104-->[com.google.firebase:firebase-auth:24.0.1] AndroidManifest.xml:51:13-44
105            android:theme="@android:style/Theme.Translucent.NoTitleBar" >
105-->[com.google.firebase:firebase-auth:24.0.1] AndroidManifest.xml:52:13-72
106            <intent-filter>
106-->[com.google.firebase:firebase-auth:24.0.1] AndroidManifest.xml:53:13-63:29
107                <action android:name="android.intent.action.VIEW" />
107-->[com.google.firebase:firebase-auth:24.0.1] AndroidManifest.xml:36:17-69
107-->[com.google.firebase:firebase-auth:24.0.1] AndroidManifest.xml:36:25-66
108
109                <category android:name="android.intent.category.DEFAULT" />
109-->[com.google.firebase:firebase-auth:24.0.1] AndroidManifest.xml:38:17-76
109-->[com.google.firebase:firebase-auth:24.0.1] AndroidManifest.xml:38:27-73
110                <category android:name="android.intent.category.BROWSABLE" />
110-->[com.google.firebase:firebase-auth:24.0.1] AndroidManifest.xml:39:17-78
110-->[com.google.firebase:firebase-auth:24.0.1] AndroidManifest.xml:39:27-75
111
112                <data
112-->[com.google.firebase:firebase-auth:24.0.1] AndroidManifest.xml:41:17-44:51
113                    android:host="firebase.auth"
113-->[com.google.firebase:firebase-auth:24.0.1] AndroidManifest.xml:42:21-49
114                    android:path="/"
114-->[com.google.firebase:firebase-auth:24.0.1] AndroidManifest.xml:43:21-37
115                    android:scheme="recaptcha" />
115-->[com.google.firebase:firebase-auth:24.0.1] AndroidManifest.xml:44:21-48
116            </intent-filter>
117        </activity>
118
119        <service
119-->[com.google.firebase:firebase-auth:24.0.1] AndroidManifest.xml:66:9-72:19
120            android:name="com.google.firebase.components.ComponentDiscoveryService"
120-->[com.google.firebase:firebase-auth:24.0.1] AndroidManifest.xml:67:13-84
121            android:directBootAware="true"
121-->[com.google.firebase:firebase-common:22.0.1] AndroidManifest.xml:32:13-43
122            android:exported="false" >
122-->[com.google.firebase:firebase-auth:24.0.1] AndroidManifest.xml:68:13-37
123            <meta-data
123-->[com.google.firebase:firebase-auth:24.0.1] AndroidManifest.xml:69:13-71:85
124                android:name="com.google.firebase.components:com.google.firebase.auth.FirebaseAuthRegistrar"
124-->[com.google.firebase:firebase-auth:24.0.1] AndroidManifest.xml:70:17-109
125                android:value="com.google.firebase.components.ComponentRegistrar" />
125-->[com.google.firebase:firebase-auth:24.0.1] AndroidManifest.xml:71:17-82
126            <meta-data
126-->[com.google.android.gms:play-services-measurement-api:23.0.0] AndroidManifest.xml:33:13-35:85
127                android:name="com.google.firebase.components:com.google.firebase.analytics.connector.internal.AnalyticsConnectorRegistrar"
127-->[com.google.android.gms:play-services-measurement-api:23.0.0] AndroidManifest.xml:34:17-139
128                android:value="com.google.firebase.components.ComponentRegistrar" />
128-->[com.google.android.gms:play-services-measurement-api:23.0.0] AndroidManifest.xml:35:17-82
129            <meta-data
129-->[com.google.firebase:firebase-installations:19.0.1] AndroidManifest.xml:15:13-17:85
130                android:name="com.google.firebase.components:com.google.firebase.installations.FirebaseInstallationsKtxRegistrar"
130-->[com.google.firebase:firebase-installations:19.0.1] AndroidManifest.xml:16:17-130
131                android:value="com.google.firebase.components.ComponentRegistrar" />
131-->[com.google.firebase:firebase-installations:19.0.1] AndroidManifest.xml:17:17-82
132            <meta-data
132-->[com.google.firebase:firebase-installations:19.0.1] AndroidManifest.xml:18:13-20:85
133                android:name="com.google.firebase.components:com.google.firebase.installations.FirebaseInstallationsRegistrar"
133-->[com.google.firebase:firebase-installations:19.0.1] AndroidManifest.xml:19:17-127
134                android:value="com.google.firebase.components.ComponentRegistrar" />
134-->[com.google.firebase:firebase-installations:19.0.1] AndroidManifest.xml:20:17-82
135            <meta-data
135-->[com.google.firebase:firebase-common:22.0.1] AndroidManifest.xml:35:13-37:85
136                android:name="com.google.firebase.components:com.google.firebase.FirebaseCommonKtxRegistrar"
136-->[com.google.firebase:firebase-common:22.0.1] AndroidManifest.xml:36:17-109
137                android:value="com.google.firebase.components.ComponentRegistrar" />
137-->[com.google.firebase:firebase-common:22.0.1] AndroidManifest.xml:37:17-82
138        </service>
139        <service
139-->[androidx.credentials:credentials-play-services-auth:1.5.0] AndroidManifest.xml:24:9-32:19
140            android:name="androidx.credentials.playservices.CredentialProviderMetadataHolder"
140-->[androidx.credentials:credentials-play-services-auth:1.5.0] AndroidManifest.xml:25:13-94
141            android:enabled="true"
141-->[androidx.credentials:credentials-play-services-auth:1.5.0] AndroidManifest.xml:26:13-35
142            android:exported="false" >
142-->[androidx.credentials:credentials-play-services-auth:1.5.0] AndroidManifest.xml:27:13-37
143            <meta-data
143-->[androidx.credentials:credentials-play-services-auth:1.5.0] AndroidManifest.xml:29:13-31:104
144                android:name="androidx.credentials.CREDENTIAL_PROVIDER_KEY"
144-->[androidx.credentials:credentials-play-services-auth:1.5.0] AndroidManifest.xml:30:17-76
145                android:value="androidx.credentials.playservices.CredentialProviderPlayServicesImpl" />
145-->[androidx.credentials:credentials-play-services-auth:1.5.0] AndroidManifest.xml:31:17-101
146        </service>
147
148        <activity
148-->[androidx.credentials:credentials-play-services-auth:1.5.0] AndroidManifest.xml:34:9-41:20
149            android:name="androidx.credentials.playservices.HiddenActivity"
149-->[androidx.credentials:credentials-play-services-auth:1.5.0] AndroidManifest.xml:35:13-76
150            android:configChanges="orientation|screenSize|screenLayout|keyboardHidden"
150-->[androidx.credentials:credentials-play-services-auth:1.5.0] AndroidManifest.xml:36:13-87
151            android:enabled="true"
151-->[androidx.credentials:credentials-play-services-auth:1.5.0] AndroidManifest.xml:37:13-35
152            android:exported="false"
152-->[androidx.credentials:credentials-play-services-auth:1.5.0] AndroidManifest.xml:38:13-37
153            android:fitsSystemWindows="true"
153-->[androidx.credentials:credentials-play-services-auth:1.5.0] AndroidManifest.xml:39:13-45
154            android:theme="@style/Theme.Hidden" >
154-->[androidx.credentials:credentials-play-services-auth:1.5.0] AndroidManifest.xml:40:13-48
155        </activity>
156        <activity
156-->[androidx.credentials:credentials-play-services-auth:1.5.0] AndroidManifest.xml:42:9-49:20
157            android:name="androidx.credentials.playservices.IdentityCredentialApiHiddenActivity"
157-->[androidx.credentials:credentials-play-services-auth:1.5.0] AndroidManifest.xml:43:13-97
158            android:configChanges="orientation|screenSize|screenLayout|keyboardHidden"
158-->[androidx.credentials:credentials-play-services-auth:1.5.0] AndroidManifest.xml:44:13-87
159            android:enabled="true"
159-->[androidx.credentials:credentials-play-services-auth:1.5.0] AndroidManifest.xml:45:13-35
160            android:exported="false"
160-->[androidx.credentials:credentials-play-services-auth:1.5.0] AndroidManifest.xml:46:13-37
161            android:fitsSystemWindows="true"
161-->[androidx.credentials:credentials-play-services-auth:1.5.0] AndroidManifest.xml:47:13-45
162            android:theme="@style/Theme.Hidden" >
162-->[androidx.credentials:credentials-play-services-auth:1.5.0] AndroidManifest.xml:48:13-48
163        </activity>
164        <activity
164-->[com.google.android.gms:play-services-auth:21.1.1] AndroidManifest.xml:23:9-27:75
165            android:name="com.google.android.gms.auth.api.signin.internal.SignInHubActivity"
165-->[com.google.android.gms:play-services-auth:21.1.1] AndroidManifest.xml:24:13-93
166            android:excludeFromRecents="true"
166-->[com.google.android.gms:play-services-auth:21.1.1] AndroidManifest.xml:25:13-46
167            android:exported="false"
167-->[com.google.android.gms:play-services-auth:21.1.1] AndroidManifest.xml:26:13-37
168            android:theme="@android:style/Theme.Translucent.NoTitleBar" />
168-->[com.google.android.gms:play-services-auth:21.1.1] AndroidManifest.xml:27:13-72
169        <!--
170            Service handling Google Sign-In user revocation. For apps that do not integrate with
171            Google Sign-In, this service will never be started.
172        -->
173        <service
173-->[com.google.android.gms:play-services-auth:21.1.1] AndroidManifest.xml:33:9-37:51
174            android:name="com.google.android.gms.auth.api.signin.RevocationBoundService"
174-->[com.google.android.gms:play-services-auth:21.1.1] AndroidManifest.xml:34:13-89
175            android:exported="true"
175-->[com.google.android.gms:play-services-auth:21.1.1] AndroidManifest.xml:35:13-36
176            android:permission="com.google.android.gms.auth.api.signin.permission.REVOCATION_NOTIFICATION"
176-->[com.google.android.gms:play-services-auth:21.1.1] AndroidManifest.xml:36:13-107
177            android:visibleToInstantApps="true" />
177-->[com.google.android.gms:play-services-auth:21.1.1] AndroidManifest.xml:37:13-48
178
179        <receiver
179-->[com.google.android.gms:play-services-measurement:23.0.0] AndroidManifest.xml:29:9-33:20
180            android:name="com.google.android.gms.measurement.AppMeasurementReceiver"
180-->[com.google.android.gms:play-services-measurement:23.0.0] AndroidManifest.xml:30:13-85
181            android:enabled="true"
181-->[com.google.android.gms:play-services-measurement:23.0.0] AndroidManifest.xml:31:13-35
182            android:exported="false" >
182-->[com.google.android.gms:play-services-measurement:23.0.0] AndroidManifest.xml:32:13-37
183        </receiver>
184
185        <service
185-->[com.google.android.gms:play-services-measurement:23.0.0] AndroidManifest.xml:35:9-38:40
186            android:name="com.google.android.gms.measurement.AppMeasurementService"
186-->[com.google.android.gms:play-services-measurement:23.0.0] AndroidManifest.xml:36:13-84
187            android:enabled="true"
187-->[com.google.android.gms:play-services-measurement:23.0.0] AndroidManifest.xml:37:13-35
188            android:exported="false" />
188-->[com.google.android.gms:play-services-measurement:23.0.0] AndroidManifest.xml:38:13-37
189        <service
189-->[com.google.android.gms:play-services-measurement:23.0.0] AndroidManifest.xml:39:9-43:72
190            android:name="com.google.android.gms.measurement.AppMeasurementJobService"
190-->[com.google.android.gms:play-services-measurement:23.0.0] AndroidManifest.xml:40:13-87
191            android:enabled="true"
191-->[com.google.android.gms:play-services-measurement:23.0.0] AndroidManifest.xml:41:13-35
192            android:exported="false"
192-->[com.google.android.gms:play-services-measurement:23.0.0] AndroidManifest.xml:42:13-37
193            android:permission="android.permission.BIND_JOB_SERVICE" />
193-->[com.google.android.gms:play-services-measurement:23.0.0] AndroidManifest.xml:43:13-69
194
195        <activity
195-->[com.google.android.gms:play-services-base:18.5.0] AndroidManifest.xml:5:9-173
196            android:name="com.google.android.gms.common.api.GoogleApiActivity"
196-->[com.google.android.gms:play-services-base:18.5.0] AndroidManifest.xml:5:19-85
197            android:exported="false"
197-->[com.google.android.gms:play-services-base:18.5.0] AndroidManifest.xml:5:146-170
198            android:theme="@android:style/Theme.Translucent.NoTitleBar" />
198-->[com.google.android.gms:play-services-base:18.5.0] AndroidManifest.xml:5:86-145
199
200        <provider
200-->[com.google.firebase:firebase-common:22.0.1] AndroidManifest.xml:23:9-28:39
201            android:name="com.google.firebase.provider.FirebaseInitProvider"
201-->[com.google.firebase:firebase-common:22.0.1] AndroidManifest.xml:24:13-77
202            android:authorities="com.example.fitsnapviva.firebaseinitprovider"
202-->[com.google.firebase:firebase-common:22.0.1] AndroidManifest.xml:25:13-72
203            android:directBootAware="true"
203-->[com.google.firebase:firebase-common:22.0.1] AndroidManifest.xml:26:13-43
204            android:exported="false"
204-->[com.google.firebase:firebase-common:22.0.1] AndroidManifest.xml:27:13-37
205            android:initOrder="100" />
205-->[com.google.firebase:firebase-common:22.0.1] AndroidManifest.xml:28:13-36
206        <provider
206-->[androidx.emoji2:emoji2:1.3.0] AndroidManifest.xml:24:9-32:20
207            android:name="androidx.startup.InitializationProvider"
207-->[androidx.emoji2:emoji2:1.3.0] AndroidManifest.xml:25:13-67
208            android:authorities="com.example.fitsnapviva.androidx-startup"
208-->[androidx.emoji2:emoji2:1.3.0] AndroidManifest.xml:26:13-68
209            android:exported="false" >
209-->[androidx.emoji2:emoji2:1.3.0] AndroidManifest.xml:27:13-37
210            <meta-data
210-->[androidx.emoji2:emoji2:1.3.0] AndroidManifest.xml:29:13-31:52
211                android:name="androidx.emoji2.text.EmojiCompatInitializer"
211-->[androidx.emoji2:emoji2:1.3.0] AndroidManifest.xml:30:17-75
212                android:value="androidx.startup" />
212-->[androidx.emoji2:emoji2:1.3.0] AndroidManifest.xml:31:17-49
213            <meta-data
213-->[androidx.lifecycle:lifecycle-process:2.6.2] AndroidManifest.xml:29:13-31:52
214                android:name="androidx.lifecycle.ProcessLifecycleInitializer"
214-->[androidx.lifecycle:lifecycle-process:2.6.2] AndroidManifest.xml:30:17-78
215                android:value="androidx.startup" />
215-->[androidx.lifecycle:lifecycle-process:2.6.2] AndroidManifest.xml:31:17-49
216            <meta-data
216-->[androidx.profileinstaller:profileinstaller:1.4.0] AndroidManifest.xml:29:13-31:52
217                android:name="androidx.profileinstaller.ProfileInstallerInitializer"
217-->[androidx.profileinstaller:profileinstaller:1.4.0] AndroidManifest.xml:30:17-85
218                android:value="androidx.startup" />
218-->[androidx.profileinstaller:profileinstaller:1.4.0] AndroidManifest.xml:31:17-49
219        </provider>
220
221        <uses-library
221-->[androidx.privacysandbox.ads:ads-adservices:1.1.0-beta11] AndroidManifest.xml:23:9-25:40
222            android:name="android.ext.adservices"
222-->[androidx.privacysandbox.ads:ads-adservices:1.1.0-beta11] AndroidManifest.xml:24:13-50
223            android:required="false" />
223-->[androidx.privacysandbox.ads:ads-adservices:1.1.0-beta11] AndroidManifest.xml:25:13-37
224
225        <meta-data
225-->[com.google.android.gms:play-services-basement:18.5.0] AndroidManifest.xml:21:9-23:69
226            android:name="com.google.android.gms.version"
226-->[com.google.android.gms:play-services-basement:18.5.0] AndroidManifest.xml:22:13-58
227            android:value="@integer/google_play_services_version" />
227-->[com.google.android.gms:play-services-basement:18.5.0] AndroidManifest.xml:23:13-66
228
229        <receiver
229-->[androidx.profileinstaller:profileinstaller:1.4.0] AndroidManifest.xml:34:9-52:20
230            android:name="androidx.profileinstaller.ProfileInstallReceiver"
230-->[androidx.profileinstaller:profileinstaller:1.4.0] AndroidManifest.xml:35:13-76
231            android:directBootAware="false"
231-->[androidx.profileinstaller:profileinstaller:1.4.0] AndroidManifest.xml:36:13-44
232            android:enabled="true"
232-->[androidx.profileinstaller:profileinstaller:1.4.0] AndroidManifest.xml:37:13-35
233            android:exported="true"
233-->[androidx.profileinstaller:profileinstaller:1.4.0] AndroidManifest.xml:38:13-36
234            android:permission="android.permission.DUMP" >
234-->[androidx.profileinstaller:profileinstaller:1.4.0] AndroidManifest.xml:39:13-57
235            <intent-filter>
235-->[androidx.profileinstaller:profileinstaller:1.4.0] AndroidManifest.xml:40:13-42:29
236                <action android:name="androidx.profileinstaller.action.INSTALL_PROFILE" />
236-->[androidx.profileinstaller:profileinstaller:1.4.0] AndroidManifest.xml:41:17-91
236-->[androidx.profileinstaller:profileinstaller:1.4.0] AndroidManifest.xml:41:25-88
237            </intent-filter>
238            <intent-filter>
238-->[androidx.profileinstaller:profileinstaller:1.4.0] AndroidManifest.xml:43:13-45:29
239                <action android:name="androidx.profileinstaller.action.SKIP_FILE" />
239-->[androidx.profileinstaller:profileinstaller:1.4.0] AndroidManifest.xml:44:17-85
239-->[androidx.profileinstaller:profileinstaller:1.4.0] AndroidManifest.xml:44:25-82
240            </intent-filter>
241            <intent-filter>
241-->[androidx.profileinstaller:profileinstaller:1.4.0] AndroidManifest.xml:46:13-48:29
242                <action android:name="androidx.profileinstaller.action.SAVE_PROFILE" />
242-->[androidx.profileinstaller:profileinstaller:1.4.0] AndroidManifest.xml:47:17-88
242-->[androidx.profileinstaller:profileinstaller:1.4.0] AndroidManifest.xml:47:25-85
243            </intent-filter>
244            <intent-filter>
244-->[androidx.profileinstaller:profileinstaller:1.4.0] AndroidManifest.xml:49:13-51:29
245                <action android:name="androidx.profileinstaller.action.BENCHMARK_OPERATION" />
245-->[androidx.profileinstaller:profileinstaller:1.4.0] AndroidManifest.xml:50:17-95
245-->[androidx.profileinstaller:profileinstaller:1.4.0] AndroidManifest.xml:50:25-92
246            </intent-filter>
247        </receiver> <!-- The activities will be merged into the manifest of the hosting app. -->
248        <activity
248-->[com.google.android.play:core-common:2.0.3] AndroidManifest.xml:14:9-18:65
249            android:name="com.google.android.play.core.common.PlayCoreDialogWrapperActivity"
249-->[com.google.android.play:core-common:2.0.3] AndroidManifest.xml:15:13-93
250            android:exported="false"
250-->[com.google.android.play:core-common:2.0.3] AndroidManifest.xml:16:13-37
251            android:stateNotNeeded="true"
251-->[com.google.android.play:core-common:2.0.3] AndroidManifest.xml:17:13-42
252            android:theme="@style/Theme.PlayCore.Transparent" />
252-->[com.google.android.play:core-common:2.0.3] AndroidManifest.xml:18:13-62
253    </application>
254
255</manifest>